 FAIL  components/__tests__/webcams-list-screen.test.tsx (7.581 s)
  WebcamsListScreen
    ├ù renders the list cards after loading (5014 ms)

  ÔùÅ WebcamsListScreen ÔÇ║ renders the list cards after loading

    thrown: "Exceeded timeout of 5000 ms for a test.
    Add a timeout value to this test to increase the timeout, if this is a long-running test. See https://jestjs.io/docs/api#testname-fn-timeout."

      27 |
      28 | describe('WebcamsListScreen', () => {
    > 29 |   test('renders the list cards after loading', async () => {
         |   ^
      30 |     const queryClient = createTestQueryClient();
      31 |
      32 |     render(

      at test (components/__tests__/webcams-list-screen.test.tsx:29:3)
      at Object.describe (components/__tests__/webcams-list-screen.test.tsx:28:1)

Test Suites: 1 failed, 1 total
Tests:       1 failed, 1 total
Snapshots:   0 total
Time:        7.933 s, estimated 10 s
Ran all test suites matching /components\\__tests__\\webcams-list-screen.test.tsx/i.
