 FAIL  tests/app.spec.ts
  ÔùÅ Test suite failed to run

    Playwright Test needs to be invoked via 'npx playwright test' and excluded from Jest test runs.
    Creating one directory for Playwright tests and one for Jest is the recommended way of doing it.
    See https://playwright.dev/docs/intro for more information about Playwright Test.

      1 | import { expect, test } from '@playwright/test';
      2 |
    > 3 | test('load home screen and check title', async ({ page }) => {
        |     ^
      4 |   await page.goto('/');
      5 |
      6 |   // Look for the title "C├ímaras DGT"

      at throwIfRunningInsideJest (node_modules/playwright/lib/common/testType.js:273:11)
      at TestTypeImpl._createTest (node_modules/playwright/lib/common/testType.js:87:5)
      at node_modules/playwright/lib/transform/transform.js:282:12
      at Object.<anonymous> (tests/app.spec.ts:3:5)

Test Suites: 1 failed, 1 total
Tests:       0 total
Snapshots:   0 total
Time:        3.862 s
Ran all test suites matching /tests\\app.spec.ts/i.
