FAIL components/__tests__/get-remote-cams-data.test.ts
  ÔùÅ GET /get-remote-cams-data ÔÇ║ should parse valid DGT XML and return transformed WebcamData array

    expect(received).toEqual(expected) // deep equality

    - Expected  - 2
    + Received  + 3

      Object {
        "id": "1001",
        "imageUrl": "http://example.com/cam1.jpg",
    -   "kilometer": "Pk 12.5 - Madrid",
    +   "kilometer": "Pk 12.5",
        "location": "Madrid",
    -   "road": "A-6",
    +   "roadDestination": "Madrid",
    +   "roadName": "A-6",
        "status": "active",
      }

      55 |
      56 |     expect(data).toHaveLength(1);
    > 57 |     expect(data[0]).toEqual({
         |                     ^
      58 |       id: "1001",
      59 |       imageUrl: "http://example.com/cam1.jpg",
      60 |       road: "A-6",

      at Object.toEqual (components/__tests__/get-remote-cams-data.test.ts:57:21)
      at asyncGeneratorStep (node_modules/@babel/runtime/helpers/asyncToGenerator.js:3:17)
      at _next (node_modules/@babel/runtime/helpers/asyncToGenerator.js:17:9)

FAIL lib/JsonCamsRepository.test.ts
  ÔùÅ JsonCamsRepository ÔÇ║ getFilteredCams should filter by searchQuery

    expect(received).toBe(expected) // Object.is equality

    Expected: true
    Received: false

      59 |     expect(result.data.every(c =>
      60 |       c.location?.includes('A-62') || c.kilometer?.includes('A-62') || c.roadName?.includes('A-62')
    > 61 |     )).toBe(true);
         |        ^
      62 |   });
      63 |
      64 |   test('getFilteredCams should return empty when searchQuery has no matches', async () => {

      at Object.toBe (lib/JsonCamsRepository.test.ts:61:8)
      at asyncGeneratorStep (node_modules/@babel/runtime/helpers/asyncToGenerator.js:3:17)
      at _next (node_modules/@babel/runtime/helpers/asyncToGenerator.js:17:9)

PASS components/__tests__/custom-drawer-content.test.tsx
PASS store/use-app-store.test.tsx
PASS components/__tests__/custom-drawer-header.test.tsx
PASS lib/paginator/ArrayPaginator.test.ts
FAIL app/cam/__tests__/[id].test.tsx
  ÔùÅ CamDetailScreen ÔÇ║ renders camera details correctly

    Unable to find an element with text: A-1

    <View>
      <View>
        <View
          accessible={true}
        >
          <MaterialIcons />
        </View>
        <Text>
          Datos de C├ímara
        </Text>
      </View>
      <RCTScrollView>
        <View>
          <View>
            <View
              accessibilityLabel="Open gallery"
              accessible={true}
            >
              <Image />
            </View>
            <View>
              <View />
              <Text>
                Live
              </Text>
            </View>
            <View
              accessible={true}
            >
              <MaterialIcons />
            </View>
          </View>
          <View>
            <View>
              <View>
                <Text />
              </View>
              <View>
                <MaterialIcons />
                <Text>
                  Fluid
                </Text>
              </View>
            </View>
            <Text>
              MADRID
            </Text>
            <Text>
              Km 10
            </Text>
          </View>
          <View
            accessibilityState={
              {
                "disabled": false,
              }
            }
            accessible={true}
          >
            <Image />
            <View>
              <MaterialIcons />
              <Text>
                Mostrar en mapa
              </Text>
            </View>
          </View>
          <View>
            <View
              accessible={true}
            >
              <MaterialIcons />
              <Text>
                Add to Favorites
              </Text>
            </View>
            <View
              accessible={true}
            >
              <MaterialIcons />
            </View>
          </View>
          <View>
            <View>
              <View>
                <MaterialIcons />
                <Text>
                  Kilometer
                </Text>
              </View>
              <Text>
                Km 10
              </Text>
            </View>
            <View>
              <View>
                <MaterialIcons />
                <Text>
                  Status
                </Text>
              </View>
              <Text>
                Live
              </Text>
            </View>
            <View>
              <View>
                <MaterialIcons />
                <Text>
                  Location
                </Text>
              </View>
              <Text>
                MADRID
              </Text>
            </View>
            <View>
              <View>
                <MaterialIcons />
                <Text>
                  Coordinates
                </Text>
              </View>
              <View>
                <View>
                  <Text>
                    Latitude
                  </Text>
                  <Text>
                    40.4168
                  </Text>
                </View>
                <View>
                  <Text>
                    Longitude
                  </Text>
                  <Text>
                    -3.7038
                  </Text>
                </View>
              </View>
            </View>
          </View>
        </View>
      </RCTScrollView>
    </View>

       99 |
      100 |     expect(screen.getByText('Datos de C├ímara')).toBeTruthy();
    > 101 |     expect(screen.getByText('A-1')).toBeTruthy();
          |                   ^
      102 |     expect(screen.getAllByText('MADRID')).toBeTruthy();
      103 |     expect(screen.getAllByText('Km 10')).toBeTruthy();
      104 |     expect(screen.getByText('40.4168')).toBeTruthy();

      at Object.getByText (app/cam/__tests__/[id].test.tsx:101:19)

PASS components/__tests__/filters-modal.test.tsx
PASS components/__tests__/select-box.test.tsx
FAIL components/__tests__/traffic-map.test.tsx
  ÔùÅ TrafficMap ÔÇ║ renders the pseudo-callout popup correctly when a camera is selected

    Unable to find an element with text: M-30 - Km 5

    <View>
      <View
        testID="map-clustering"
      >
        <View
          testID="map-marker-1"
        />
        <View
          testID="map-marker-2"
        />
      </View>
      <View
        testID="pseudo-callout"
      >
        <RNGestureHandlerButton>
          <View
            accessible={true}
          >
            <Image />
          </View>
        </RNGestureHandlerButton>
        <View>
          <Text>
            Madrid Center
          </Text>
          <Text>
             - Km 
            5
          </Text>
          <RNGestureHandlerButton>
            <View
              accessible={true}
            >
              <Text>
                Ver detalles
              </Text>
            </View>
          </RNGestureHandlerButton>
        </View>
      </View>
    </View>

      93 |     // The details of the active camera should be visible
      94 |     expect(getByText('Madrid Center')).toBeTruthy();
    > 95 |     expect(getByText('M-30 - Km 5')).toBeTruthy();
         |            ^
      96 |   });
      97 |
      98 |   it('does not render the pseudo-callout when no camera is selected', () => {

      at Object.getByText (components/__tests__/traffic-map.test.tsx:95:12)

PASS components/__tests__/cam-list-screen.test.tsx

Test Suites: 4 failed, 7 passed, 11 total
Tests:       4 failed, 37 passed, 41 total
Snapshots:   0 total
Time:        3.852 s, estimated 4 s
Ran all test suites.
